bluetown/IMLib/build/outputs/logs/manifest-merger-debug-report.txt
-- Merging decision tree log ---
manifest
ADDED from bluetown\IMLib\AndroidManifest.xml:1:1-96:12
INJECTED from bluetown\IMLib\AndroidManifest.xml:1:1-96:12
INJECTED from bluetown\IMLib\AndroidManifest.xml:1:1-96:12
INJECTED from bluetown\IMLib\AndroidManifest.xml:1:1-96:12
INJECTED from bluetown\IMLib\AndroidManifest.xml:1:1-96:12
INJECTED from bluetown\IMLib\AndroidManifest.xml:1:1-96:12
INJECTED from bluetown\IMLib\AndroidManifest.xml:1:1-96:12
	package
		ADDED from bluetown\IMLib\AndroidManifest.xml:2:5-28
		INJECTED from bluetown\IMLib\AndroidManifest.xml
		INJECTED from bluetown\IMLib\AndroidManifest.xml
	android:versionName
		INJECTED from bluetown\IMLib\AndroidManifest.xml
		ADDED from bluetown\IMLib\AndroidManifest.xml:1:1-96:12
		INJECTED from bluetown\IMLib\AndroidManifest.xml
	android:versionCode
		INJECTED from bluetown\IMLib\AndroidManifest.xml
		ADDED from bluetown\IMLib\AndroidManifest.xml:1:1-96:12
		INJECTED from bluetown\IMLib\AndroidManifest.xml
	xmlns:android
		ADDED from bluetown\IMLib\AndroidManifest.xml:1:11-69
application
ADDED from bluetown\IMLib\AndroidManifest.xml:21:5-94:19
uses-sdk
INJECTED from bluetown\IMLib\AndroidManifest.xml reason: use-sdk injection requested
INJECTED from bluetown\IMLib\AndroidManifest.xml
INJECTED from bluetown\IMLib\AndroidManifest.xml
INJECTED from bluetown\IMLib\AndroidManifest.xml
INJECTED from bluetown\IMLib\AndroidManifest.xml
	android:targetSdkVersion
		INJECTED from bluetown\IMLib\AndroidManifest.xml
		ADDED from bluetown\IMLib\AndroidManifest.xml
		INJECTED from bluetown\IMLib\AndroidManifest.xml
	android:minSdkVersion
		INJECTED from bluetown\IMLib\AndroidManifest.xml
		ADDED from bluetown\IMLib\AndroidManifest.xml
		INJECTED from bluetown\IMLib\AndroidManifest.xml